Log file open, 09/05/19 11:01:06
LogWindows: Failed to load 'aqProf.dll' (GetLastError=126)
LogWindows: File 'aqProf.dll' does not exist
LogWindows: Failed to load 'VtuneApi.dll' (GetLastError=126)
LogWindows: File 'VtuneApi.dll' does not exist
LogWindows: Failed to load 'VtuneApi32e.dll' (GetLastError=126)
LogWindows: File 'VtuneApi32e.dll' does not exist
LogConsoleResponse: Display: Failed to find resolution value strings in scalability ini. Falling back to default.
LogInit: Display: Running engine for game: InfectioVR
LogPakFile: Registered encryption key '00000000000000000000000000000000': 0 pak files mounted, 0 remain pending
LogPlatformFile: Not using cached read wrapper
LogTaskGraph: Started task graph with 5 named threads and 23 total threads with 3 sets of task threads.
LogStats: Stats thread started at 0.275002
LogD3D11RHI: Loaded GFSDK_Aftermath_Lib.x64.dll
LogICUInternationalization: ICU TimeZone Detection - Raw Offset: +8:00, Platform Override: ''
LogPluginManager: Mounting plugin Paper2D
LogPluginManager: Mounting plugin AISupport
LogPluginManager: Mounting plugin LightPropagationVolume
LogPluginManager: Mounting plugin ActorLayerUtilities
LogPluginManager: Mounting plugin AnimationSharing
LogPluginManager: Mounting plugin CLionSourceCodeAccess
LogPluginManager: Mounting plugin CodeLiteSourceCodeAccess
LogPluginManager: Mounting plugin GitSourceControl
LogPluginManager: Mounting plugin KDevelopSourceCodeAccess
LogPluginManager: Mounting plugin NullSourceCodeAccess
LogPluginManager: Mounting plugin PerforceSourceControl
LogPluginManager: Mounting plugin SubversionSourceControl
LogPluginManager: Mounting plugin UObjectPlugin
LogPluginManager: Mounting plugin VisualStudioCodeSourceCodeAccess
LogPluginManager: Mounting plugin VisualStudioSourceCodeAccess
LogPluginManager: Mounting plugin XCodeSourceCodeAccess
LogPluginManager: Mounting plugin AssetManagerEditor
LogPluginManager: Mounting plugin CryptoKeys
LogPluginManager: Mounting plugin DataValidation
LogPluginManager: Mounting plugin FacialAnimation
LogPluginManager: Mounting plugin GameplayTagsEditor
LogPluginManager: Mounting plugin MacGraphicsSwitching
LogPluginManager: Mounting plugin MaterialAnalyzer
LogPluginManager: Mounting plugin MobileLauncherProfileWizard
LogPluginManager: Mounting plugin PluginBrowser
LogPluginManager: Mounting plugin SpeedTreeImporter
LogPluginManager: Mounting plugin DatasmithContent
LogPluginManager: Mounting plugin VariantManagerContent
LogPluginManager: Mounting plugin AlembicImporter
LogPluginManager: Mounting plugin AppleImageUtils
LogPluginManager: Mounting plugin AppleVision
LogPluginManager: Mounting plugin BackChannel
LogPluginManager: Mounting plugin CharacterAI
LogPluginManager: Mounting plugin GeometryCache
LogPluginManager: Mounting plugin HTML5Networking
LogPluginManager: Mounting plugin ProxyLODPlugin
LogPluginManager: Mounting plugin SkeletalReduction
LogPluginManager: Mounting plugin MagicLeap
LogPluginManager: Mounting plugin MagicLeapMedia
LogPluginManager: Mounting plugin Substance
LogPluginManager: Mounting plugin AndroidMedia
LogPluginManager: Mounting plugin AvfMedia
LogPluginManager: Mounting plugin ImgMedia
LogPluginManager: Mounting plugin LinearTimecode
LogPluginManager: Mounting plugin MediaCompositing
LogPluginManager: Mounting plugin MediaPlayerEditor
LogPluginManager: Mounting plugin WebMMedia
LogPluginManager: Mounting plugin WmfMedia
LogPluginManager: Mounting plugin TcpMessaging
LogPluginManager: Mounting plugin UdpMessaging
LogPluginManager: Mounting plugin ActorSequence
LogPluginManager: Mounting plugin LevelSequenceEditor
LogPluginManager: Mounting plugin MatineeToLevelSequence
LogPluginManager: Mounting plugin NetcodeUnitTest
LogPluginManager: Mounting plugin NUTUnrealEngine4
LogPluginManager: Mounting plugin OnlineSubsystemGooglePlay
LogPluginManager: Mounting plugin OnlineSubsystemIOS
LogPluginManager: Mounting plugin OnlineSubsystem
LogPluginManager: Mounting plugin OnlineSubsystemNull
LogPluginManager: Mounting plugin OnlineSubsystemUtils
LogPluginManager: Mounting plugin LauncherChunkInstaller
LogPluginManager: Mounting plugin AndroidDeviceProfileSelector
LogPluginManager: Mounting plugin AndroidMoviePlayer
LogPluginManager: Mounting plugin AndroidPermission
LogPluginManager: Mounting plugin AppleMoviePlayer
LogPluginManager: Mounting plugin ArchVisCharacter
LogPluginManager: Mounting plugin AudioCapture
LogPluginManager: Mounting plugin CableComponent
LogPluginManager: Mounting plugin CustomMeshComponent
LogPluginManager: Mounting plugin EditableMesh
LogPluginManager: Mounting plugin ExampleDeviceProfileSelector
LogPluginManager: Mounting plugin Firebase
LogPluginManager: Mounting plugin GoogleCloudMessaging
LogPluginManager: Mounting plugin IOSDeviceProfileSelector
LogPluginManager: Mounting plugin LinuxDeviceProfileSelector
LogPluginManager: Mounting plugin LocationServicesBPLibrary
LogPluginManager: Mounting plugin MobilePatchingUtils
LogPluginManager: Mounting plugin OculusVR
LogPluginManager: Mounting plugin PhysXVehicles
LogPluginManager: Mounting plugin ProceduralMeshComponent
LogPluginManager: Mounting plugin RuntimePhysXCooking
LogPluginManager: Mounting plugin SignificanceManager
LogPluginManager: Mounting plugin SteamVR
LogPluginManager: Mounting plugin WebMMoviePlayer
LogPluginManager: Mounting plugin WindowsMoviePlayer
LogInit: Using libcurl 7.55.1-DEV
LogInit:  - built for x86_64-pc-win32
LogInit:  - supports SSL with OpenSSL/1.1.1
LogInit:  - supports HTTP deflate (compression) using libz 1.2.8
LogInit:  - other features:
LogInit:      CURL_VERSION_SSL
LogInit:      CURL_VERSION_LIBZ
LogInit:      CURL_VERSION_IPV6
LogInit:      CURL_VERSION_ASYNCHDNS
LogInit:      CURL_VERSION_LARGEFILE
LogInit:      CURL_VERSION_IDN
LogInit:  CurlRequestOptions (configurable via config and command line):
LogInit:  - bVerifyPeer = true  - Libcurl will verify peer certificate
LogInit:  - bUseHttpProxy = false  - Libcurl will NOT use HTTP proxy
LogInit:  - bDontReuseConnections = false  - Libcurl will reuse connections
LogInit:  - MaxHostConnections = 16  - Libcurl will limit the number of connections to a host
LogInit:  - LocalHostAddr = Default
LogInit:  - BufferSize = 65536
LogInit: WinSock: version 1.1 (2.2), MaxSocks=32767, MaxUdp=65467
LogInit: Build: ++UE4+Release-4.22-CL-7053642
LogInit: Engine Version: 4.22.3-7053642+++UE4+Release-4.22
LogInit: Compatible Engine Version: 4.22.0-5660361+++UE4+Release-4.22
LogInit: Net CL: 5660361
LogInit: OS: Windows 10 (Release 1803) (), CPU: Intel(R) Core(TM) i7-7700 CPU @ 3.60GHz, GPU: NVIDIA GeForce GTX 1060 3GB
LogInit: Compiled (64-bit): Jun 18 2019 03:09:11
LogInit: Compiled with Visual C++: 19.16.27025.01
LogInit: Build Configuration: Development
LogInit: Branch Name: ++UE4+Release-4.22
LogInit: Command Line:  -EpicPortal -epicusername=SmellyChinChin -epicuserid=f68f10e4efd846148b161108c5a4ad85 -epiclocale=en-US
LogInit: Base Directory: D:/Unreal Engine/UE_4.22/Engine/Binaries/Win64/
LogInit: Installed Engine Build: 1
LogDevObjectVersion: Number of dev versions registered: 23
LogDevObjectVersion:   Dev-Blueprints (B0D832E4-1F89-4F0D-ACCF-7EB736FD4AA2): 10
LogDevObjectVersion:   Dev-Build (E1C64328-A22C-4D53-A36C-8E866417BD8C): 0
LogDevObjectVersion:   Dev-Core (375EC13C-06E4-48FB-B500-84F0262A717E): 3
LogDevObjectVersion:   Dev-Editor (E4B068ED-F494-42E9-A231-DA0B2E46BB41): 30
LogDevObjectVersion:   Dev-Framework (CFFC743F-43B0-4480-9391-14DF171D2073): 35
LogDevObjectVersion:   Dev-Mobile (B02B49B5-BB20-44E9-A304-32B752E40360): 2
LogDevObjectVersion:   Dev-Networking (A4E4105C-59A1-49B5-A7C5-40C4547EDFEE): 0
LogDevObjectVersion:   Dev-Online (39C831C9-5AE6-47DC-9A44-9C173E1C8E7C): 0
LogDevObjectVersion:   Dev-Physics (78F01B33-EBEA-4F98-B9B4-84EACCB95AA2): 0
LogDevObjectVersion:   Dev-Platform (6631380F-2D4D-43E0-8009-CF276956A95A): 0
LogDevObjectVersion:   Dev-Rendering (12F88B9F-8875-4AFC-A67C-D90C383ABD29): 28
LogDevObjectVersion:   Dev-Sequencer (7B5AE74C-D270-4C10-A958-57980B212A5A): 11
LogDevObjectVersion:   Dev-VR (D7296918-1DD6-4BDD-9DE2-64A83CC13884): 2
LogDevObjectVersion:   Dev-LoadTimes (C2A15278-BFE7-4AFE-6C17-90FF531DF755): 1
LogDevObjectVersion:   Private-Geometry (6EACA3D4-40EC-4CC1-B786-8BED09428FC5): 3
LogDevObjectVersion:   Dev-AnimPhys (29E575DD-E0A3-4627-9D10-D276232CDCEA): 17
LogDevObjectVersion:   Dev-Anim (AF43A65D-7FD3-4947-9873-3E8ED9C1BB05): 2
LogDevObjectVersion:   Dev-ReflectionCapture (6B266CEC-1EC7-4B8F-A30B-E4D90942FC07): 1
LogDevObjectVersion:   Dev-Automation (0DF73D61-A23F-47EA-B727-89E90C41499A): 1
LogDevObjectVersion:   FortniteMain (601D1886-AC64-4F84-AA16-D3DE0DEAC7D6): 25
LogDevObjectVersion:   Dev-Enterprise (9DFFBCD6-494F-0158-E221-12823C92A888): 6
LogDevObjectVersion:   Dev-Niagara (F2AED0AC-9AFE-416F-8664-AA7FFA26D6FC): 1
LogDevObjectVersion:   Dev-Destruction (174F1F0B-B4C6-45A5-B13F-2EE8D0FB917D): 2
LogInit: Presizing for max 16777216 objects, including 0 objects not considered by GC, pre-allocating 0 bytes for permanent pool.
LogInit: Object subsystem initialized
LogConfig: Setting CVar [[con.DebugEarlyDefault:1]]
LogConfig: Setting CVar [[r.setres:1280x720]]
[2019.09.05-03.01.07:377][  0]LogConfig: Setting CVar [[r.VSync:0]]
[2019.09.05-03.01.07:377][  0]LogConfig: Setting CVar [[r.RHICmdBypass:0]]
[2019.09.05-03.01.07:377][  0]LogConfig: Applying CVar settings from Section [/Script/Engine.RendererSettings] File [D:/Github/InfectioAr/InfectioVR_UE4/Infectio_VR/Saved/Config/Windows/Engine.ini]
[2019.09.05-03.01.07:377][  0]LogConfig: Setting CVar [[r.GPUCrashDebugging:0]]
[2019.09.05-03.01.07:377][  0]LogConfig: Setting CVar [[r.DefaultFeature.AmbientOcclusion:0]]
[2019.09.05-03.01.07:377][  0]LogConfig: Setting CVar [[r.DefaultFeature.AmbientOcclusionStaticFraction:0]]
[2019.09.05-03.01.07:377][  0]LogConfig: Setting CVar [[vr.InstancedStereo:1]]
[2019.09.05-03.01.07:377][  0]LogConfig: Setting CVar [[r.SeparateTranslucency:0]]
[2019.09.05-03.01.07:377][  0]LogConfig: Setting CVar [[r.HZBOcclusion:0]]
[2019.09.05-03.01.07:377][  0]LogConfig: Setting CVar [[r.SSR.MaxRoughness:0]]
[2019.09.05-03.01.07:377][  0]LogConfig: Setting CVar [[r.rhicmdbypass:0]]
[2019.09.05-03.01.07:377][  0]LogConfig: Applying CVar settings from Section [/Script/Engine.RendererOverrideSettings] File [D:/Github/InfectioAr/InfectioVR_UE4/Infectio_VR/Saved/Config/Windows/Engine.ini]
[2019.09.05-03.01.07:377][  0]LogConfig: Applying CVar settings from Section [/Script/Engine.StreamingSettings] File [D:/Github/InfectioAr/InfectioVR_UE4/Infectio_VR/Saved/Config/Windows/Engine.ini]
[2019.09.05-03.01.07:377][  0]LogConfig: Setting CVar [[s.MinBulkDataSizeForAsyncLoading:131072]]
[2019.09.05-03.01.07:378][  0]LogConfig: Setting CVar [[s.AsyncLoadingThreadEnabled:0]]
[2019.09.05-03.01.07:378][  0]LogConfig: Setting CVar [[s.EventDrivenLoaderEnabled:1]]
[2019.09.05-03.01.07:378][  0]LogConfig: Setting CVar [[s.WarnIfTimeLimitExceeded:0]]
[2019.09.05-03.01.07:378][  0]LogConfig: Setting CVar [[s.TimeLimitExceededMultiplier:1.5]]
[2019.09.05-03.01.07:378][  0]LogConfig: Setting CVar [[s.TimeLimitExceededMinTime:0.005]]
[2019.09.05-03.01.07:378][  0]LogConfig: Setting CVar [[s.UseBackgroundLevelStreaming:1]]
[2019.09.05-03.01.07:378][  0]LogConfig: Setting CVar [[s.PriorityAsyncLoadingExtraTime:15.0]]
[2019.09.05-03.01.07:378][  0]LogConfig: Setting CVar [[s.LevelStreamingActorsUpdateTimeLimit:5.0]]
[2019.09.05-03.01.07:378][  0]LogConfig: Setting CVar [[s.PriorityLevelStreamingActorsUpdateExtraTime:5.0]]
[2019.09.05-03.01.07:378][  0]LogConfig: Setting CVar [[s.LevelStreamingComponentsRegistrationGranularity:10]]
[2019.09.05-03.01.07:378][  0]LogConfig: Setting CVar [[s.UnregisterComponentsTimeLimit:1.0]]
[2019.09.05-03.01.07:378][  0]LogConfig: Setting CVar [[s.LevelStreamingComponentsUnregistrationGranularity:5]]
[2019.09.05-03.01.07:378][  0]LogConfig: Applying CVar settings from Section [/Script/Engine.GarbageCollectionSettings] File [D:/Github/InfectioAr/InfectioVR_UE4/Infectio_VR/Saved/Config/Windows/Engine.ini]
[2019.09.05-03.01.07:378][  0]LogConfig: Setting CVar [[gc.MaxObjectsNotConsideredByGC:1]]
[2019.09.05-03.01.07:378][  0]LogConfig: Setting CVar [[gc.SizeOfPermanentObjectPool:0]]
[2019.09.05-03.01.07:378][  0]LogConfig: Setting CVar [[gc.FlushStreamingOnGC:0]]
[2019.09.05-03.01.07:378][  0]LogConfig: Setting CVar [[gc.NumRetriesBeforeForcingGC:10]]
[2019.09.05-03.01.07:378][  0]LogConfig: Setting CVar [[gc.AllowParallelGC:1]]
[2019.09.05-03.01.07:378][  0]LogConfig: Setting CVar [[gc.TimeBetweenPurgingPendingKillObjects:61.1]]
[2019.09.05-03.01.07:378][  0]LogConfig: Setting CVar [[gc.MaxObjectsInEditor:16777216]]
[2019.09.05-03.01.07:378][  0]LogConfig: Setting CVar [[gc.IncrementalBeginDestroyEnabled:1]]
[2019.09.05-03.01.07:378][  0]LogConfig: Setting CVar [[gc.CreateGCClusters:1]]
[2019.09.05-03.01.07:378][  0]LogConfig: Setting CVar [[gc.MinGCClusterSize:5]]
[2019.09.05-03.01.07:378][  0]LogConfig: Setting CVar [[gc.ActorClusteringEnabled:0]]
[2019.09.05-03.01.07:378][  0]LogConfig: Setting CVar [[gc.BlueprintClusteringEnabled:0]]
[2019.09.05-03.01.07:378][  0]LogConfig: Setting CVar [[gc.UseDisregardForGCOnDedicatedServers:0]]
[2019.09.05-03.01.07:378][  0]LogConfig: Applying CVar settings from Section [/Script/Engine.NetworkSettings] File [D:/Github/InfectioAr/InfectioVR_UE4/Infectio_VR/Saved/Config/Windows/Engine.ini]
[2019.09.05-03.01.07:378][  0]LogConfig: Applying CVar settings from Section [/Script/UnrealEd.CookerSettings] File [D:/Github/InfectioAr/InfectioVR_UE4/Infectio_VR/Saved/Config/Windows/Engine.ini]
[2019.09.05-03.01.07:386][  0]LogConfig: Applying CVar settings from Section [ViewDistanceQuality@3] File [D:/Github/InfectioAr/InfectioVR_UE4/Infectio_VR/Saved/Config/Windows/Scalability.ini]
[2019.09.05-03.01.07:386][  0]LogConfig: Setting CVar [[r.SkeletalMeshLODBias:0]]
[2019.09.05-03.01.07:386][  0]LogConfig: Setting CVar [[r.ViewDistanceScale:1.0]]
[2019.09.05-03.01.07:386][  0]LogConfig: Applying CVar settings from Section [AntiAliasingQuality@3] File [D:/Github/InfectioAr/InfectioVR_UE4/Infectio_VR/Saved/Config/Windows/Scalability.ini]
[2019.09.05-03.01.07:386][  0]LogConfig: Setting CVar [[r.PostProcessAAQuality:3]]
[2019.09.05-03.01.07:386][  0]LogConfig: Applying CVar settings from Section [ShadowQuality@3] File [D:/Github/InfectioAr/InfectioVR_UE4/Infectio_VR/Saved/Config/Windows/Scalability.ini]
[2019.09.05-03.01.07:386][  0]LogConfig: Setting CVar [[r.LightFunctionQuality:1]]
[2019.09.05-03.01.07:386][  0]LogConfig: Setting CVar [[r.ShadowQuality:5]]
[2019.09.05-03.01.07:386][  0]LogConfig: Setting CVar [[r.Shadow.CSM.MaxCascades:10]]
[2019.09.05-03.01.07:386][  0]LogConfig: Setting CVar [[r.Shadow.MaxResolution:2048]]
[2019.09.05-03.01.07:386][  0]LogConfig: Setting CVar [[r.Shadow.MaxCSMResolution:2048]]
[2019.09.05-03.01.07:386][  0]LogConfig: Setting CVar [[r.Shadow.RadiusThreshold:0.01]]
[2019.09.05-03.01.07:386][  0]LogConfig: Setting CVar [[r.Shadow.DistanceScale:1.0]]
[2019.09.05-03.01.07:386][  0]LogConfig: Setting CVar [[r.Shadow.CSM.TransitionScale:1.0]]
[2019.09.05-03.01.07:386][  0]LogConfig: Setting CVar [[r.Shadow.PreShadowResolutionFactor:1.0]]
[2019.09.05-03.01.07:386][  0]LogConfig: Setting CVar [[r.DistanceFieldShadowing:1]]
[2019.09.05-03.01.07:387][  0]LogConfig: Setting CVar [[r.DistanceFieldAO:1]]
[2019.09.05-03.01.07:387][  0]LogConfig: Setting CVar [[r.AOQuality:2]]
[2019.09.05-03.01.07:387][  0]LogConfig: Setting CVar [[r.VolumetricFog:1]]
[2019.09.05-03.01.07:387][  0]LogConfig: Setting CVar [[r.VolumetricFog.GridPixelSize:8]]
[2019.09.05-03.01.07:387][  0]LogConfig: Setting CVar [[r.VolumetricFog.GridSizeZ:128]]
[2019.09.05-03.01.07:387][  0]LogConfig: Setting CVar [[r.VolumetricFog.HistoryMissSupersampleCount:4]]
[2019.09.05-03.01.07:387][  0]LogConfig: Setting CVar [[r.LightMaxDrawDistanceScale:1]]
[2019.09.05-03.01.07:387][  0]LogConfig: Setting CVar [[r.CapsuleShadows:1]]
[2019.09.05-03.01.07:387][  0]LogConfig: Applying CVar settings from Section [PostProcessQuality@3] File [D:/Github/InfectioAr/InfectioVR_UE4/Infectio_VR/Saved/Config/Windows/Scalability.ini]
[2019.09.05-03.01.07:387][  0]LogConfig: Setting CVar [[r.MotionBlurQuality:0]]
[2019.09.05-03.01.07:387][  0]LogConfig: Setting CVar [[r.AmbientOcclusionMipLevelFactor:0.4]]
[2019.09.05-03.01.07:387][  0]LogConfig: Setting CVar [[r.AmbientOcclusionMaxQuality:100]]
[2019.09.05-03.01.07:387][  0]LogConfig: Setting CVar [[r.AmbientOcclusionLevels:0]]
[2019.09.05-03.01.07:387][  0]LogConfig: Setting CVar [[r.AmbientOcclusionRadiusScale:1.0]]
[2019.09.05-03.01.07:387][  0]LogConfig: Setting CVar [[r.DepthOfFieldQuality:0]]
[2019.09.05-03.01.07:387][  0]LogConfig: Setting CVar [[r.RenderTargetPoolMin:400]]
[2019.09.05-03.01.07:387][  0]LogConfig: Setting CVar [[r.LensFlareQuality:0]]
[2019.09.05-03.01.07:387][  0]LogConfig: Setting CVar [[r.SceneColorFringeQuality:0]]
[2019.09.05-03.01.07:387][  0]LogConfig: Setting CVar [[r.EyeAdaptationQuality:2]]
[2019.09.05-03.01.07:387][  0]LogConfig: Setting CVar [[r.BloomQuality:1]]
[2019.09.05-03.01.07:387][  0]LogConfig: Setting CVar [[r.FastBlurThreshold:0]]
[2019.09.05-03.01.07:387][  0]LogConfig: Setting CVar [[r.Upscale.Quality:3]]
[2019.09.05-03.01.07:387][  0]LogConfig: Setting CVar [[r.Tonemapper.GrainQuantization:1]]
[2019.09.05-03.01.07:387][  0]LogConfig: Setting CVar [[r.LightShaftQuality:1]]
[2019.09.05-03.01.07:387][  0]LogConfig: Setting CVar [[r.Filter.SizeScale:1]]
[2019.09.05-03.01.07:387][  0]LogConfig: Setting CVar [[r.Tonemapper.Quality:5]]
[2019.09.05-03.01.07:387][  0]LogConfig: Setting CVar [[r.DOF.Gather.AccumulatorQuality:1        ; higher gathering accumulator quality]]
[2019.09.05-03.01.07:387][  0]LogConfig: Setting CVar [[r.DOF.Gather.PostfilterMethod:1          ; Median3x3 postfilering method]]
[2019.09.05-03.01.07:387][  0]LogConfig: Setting CVar [[r.DOF.Gather.EnableBokehSettings:0       ; no bokeh simulation when gathering]]
[2019.09.05-03.01.07:387][  0]LogConfig: Setting CVar [[r.DOF.Gather.RingCount:4                 ; medium number of samples when gathering]]
[2019.09.05-03.01.07:387][  0]LogConfig: Setting CVar [[r.DOF.Scatter.ForegroundCompositing:1    ; additive foreground scattering]]
[2019.09.05-03.01.07:387][  0]LogConfig: Setting CVar [[r.DOF.Scatter.BackgroundCompositing:2    ; additive background scattering]]
[2019.09.05-03.01.07:387][  0]LogConfig: Setting CVar [[r.DOF.Scatter.EnableBokehSettings:1      ; bokeh simulation when scattering]]
[2019.09.05-03.01.07:387][  0]LogConfig: Setting CVar [[r.DOF.Scatter.MaxSpriteRatio:0.1         ; only a maximum of 10% of scattered bokeh]]
[2019.09.05-03.01.07:387][  0]LogConfig: Setting CVar [[r.DOF.Recombine.Quality:1                ; cheap slight out of focus]]
[2019.09.05-03.01.07:387][  0]LogConfig: Setting CVar [[r.DOF.Recombine.EnableBokehSettings:0    ; no bokeh simulation on slight out of focus]]
[2019.09.05-03.01.07:387][  0]LogConfig: Setting CVar [[r.DOF.TemporalAAQuality:1                ; more stable temporal accumulation]]
[2019.09.05-03.01.07:387][  0]LogConfig: Setting CVar [[r.DOF.Kernel.MaxForegroundRadius:0.025]]
[2019.09.05-03.01.07:387][  0]LogConfig: Setting CVar [[r.DOF.Kernel.MaxBackgroundRadius:0.025]]
[2019.09.05-03.01.07:388][  0]LogConfig: Applying CVar settings from Section [TextureQuality@3] File [D:/Github/InfectioAr/InfectioVR_UE4/Infectio_VR/Saved/Config/Windows/Scalability.ini]
[2019.09.05-03.01.07:388][  0]LogConfig: Setting CVar [[r.Streaming.MipBias:0]]
[2019.09.05-03.01.07:388][  0]LogConfig: Setting CVar [[r.Streaming.AmortizeCPUToGPUCopy:0]]
[2019.09.05-03.01.07:388][  0]LogConfig: Setting CVar [[r.Streaming.MaxNumTexturesToStreamPerFrame:0]]
[2019.09.05-03.01.07:388][  0]LogConfig: Setting CVar [[r.Streaming.Boost:1]]
[2019.09.05-03.01.07:388][  0]LogConfig: Setting CVar [[r.MaxAnisotropy:8]]
[2019.09.05-03.01.07:388][  0]LogConfig: Setting CVar [[r.Streaming.LimitPoolSizeToVRAM:0]]
[2019.09.05-03.01.07:388][  0]LogConfig: Setting CVar [[r.Streaming.PoolSize:1000]]
[2019.09.05-03.01.07:388][  0]LogConfig: Setting CVar [[r.Streaming.MaxEffectiveScreenSize:0]]
[2019.09.05-03.01.07:388][  0]LogConfig: Applying CVar settings from Section [EffectsQuality@3] File [D:/Github/InfectioAr/InfectioVR_UE4/Infectio_VR/Saved/Config/Windows/Scalability.ini]
[2019.09.05-03.01.07:388][  0]LogConfig: Setting CVar [[r.TranslucencyLightingVolumeDim:4]]
[2019.09.05-03.01.07:388][  0]LogConfig: Setting CVar [[r.RefractionQuality:2]]
[2019.09.05-03.01.07:388][  0]LogConfig: Setting CVar [[r.SSR.Quality:0]]
[2019.09.05-03.01.07:388][  0]LogConfig: Setting CVar [[r.SceneColorFormat:2]]
[2019.09.05-03.01.07:388][  0]LogConfig: Setting CVar [[r.DetailMode:2]]
[2019.09.05-03.01.07:388][  0]LogConfig: Setting CVar [[r.TranslucencyVolumeBlur:0]]
[2019.09.05-03.01.07:388][  0]LogConfig: Setting CVar [[r.MaterialQualityLevel:1 ; High quality]]
[2019.09.05-03.01.07:388][  0]LogConfig: Setting CVar [[r.SSS.Scale:1]]
[2019.09.05-03.01.07:388][  0]LogConfig: Setting CVar [[r.SSS.SampleSet:2]]
[2019.09.05-03.01.07:388][  0]LogConfig: Setting CVar [[r.SSS.Quality:1]]
[2019.09.05-03.01.07:388][  0]LogConfig: Setting CVar [[r.SSS.HalfRes:1]]
[2019.09.05-03.01.07:388][  0]LogConfig: Setting CVar [[r.EmitterSpawnRateScale:1.0]]
[2019.09.05-03.01.07:388][  0]LogConfig: Setting CVar [[r.ParticleLightQuality:2]]
[2019.09.05-03.01.07:388][  0]LogConfig: Applying CVar settings from Section [FoliageQuality@3] File [D:/Github/InfectioAr/InfectioVR_UE4/Infectio_VR/Saved/Config/Windows/Scalability.ini]
[2019.09.05-03.01.07:388][  0]LogConfig: Setting CVar [[foliage.DensityScale:1.0]]
[2019.09.05-03.01.07:388][  0]LogConfig: Setting CVar [[grass.DensityScale:1.0]]
[2019.09.05-03.01.07:388][  0]LogInit: Selected Device Profile: [Windows]
[2019.09.05-03.01.07:388][  0]LogInit: Applying CVar settings loaded from the selected device profile: [Windows]
[2019.09.05-03.01.07:427][  0]LogHAL: Display: Platform has ~ 8 GB [8527278080 / 8589934592 / 8], which maps to Default [LargestMinGB=32, LargerMinGB=12, DefaultMinGB=8, SmallerMinGB=6, SmallestMinGB=0)
[2019.09.05-03.01.07:427][  0]LogConfig: Setting CVar [[r.Vulkan.UseRealUBs:0		; Required until we fix HLR fall-out]]
[2019.09.05-03.01.07:427][  0]LogInit: Going up to parent DeviceProfile []
[2019.09.05-03.01.07:427][  0]LogConfig: Applying CVar settings from Section [ViewDistanceQuality@3] File [D:/Github/InfectioAr/InfectioVR_UE4/Infectio_VR/Saved/Config/Windows/Scalability.ini]
[2019.09.05-03.01.07:427][  0]LogConfig: Setting CVar [[r.SkeletalMeshLODBias:0]]
[2019.09.05-03.01.07:427][  0]LogConfig: Setting CVar [[r.ViewDistanceScale:1.0]]
[2019.09.05-03.01.07:427][  0]LogConfig: Applying CVar settings from Section [AntiAliasingQuality@3] File [D:/Github/InfectioAr/InfectioVR_UE4/Infectio_VR/Saved/Config/Windows/Scalability.ini]
[2019.09.05-03.01.07:427][  0]LogConfig: Setting CVar [[r.PostProcessAAQuality:3]]
[2019.09.05-03.01.07:427][  0]LogConfig: Applying CVar settings from Section [ShadowQuality@3] File [D:/Github/InfectioAr/InfectioVR_UE4/Infectio_VR/Saved/Config/Windows/Scalability.ini]
[2019.09.05-03.01.07:427][  0]LogConfig: Setting CVar [[r.LightFunctionQuality:1]]
[2019.09.05-03.01.07:427][  0]LogConfig: Setting CVar [[r.ShadowQuality:5]]
[2019.09.05-03.01.07:427][  0]LogConfig: Setting CVar [[r.Shadow.CSM.MaxCascades:10]]
[2019.09.05-03.01.07:427][  0]LogConfig: Setting CVar [[r.Shadow.MaxResolution:2048]]
[2019.09.05-03.01.07:427][  0]LogConfig: Setting CVar [[r.Shadow.MaxCSMResolution:2048]]
[2019.09.05-03.01.07:427][  0]LogConfig: Setting CVar [[r.Shadow.RadiusThreshold:0.01]]
[2019.09.05-03.01.07:427][  0]LogConfig: Setting CVar [[r.Shadow.DistanceScale:1.0]]
[2019.09.05-03.01.07:427][  0]LogConfig: Setting CVar [[r.Shadow.CSM.TransitionScale:1.0]]
[2019.09.05-03.01.07:427][  0]LogConfig: Setting CVar [[r.Shadow.PreShadowResolutionFactor:1.0]]
[2019.09.05-03.01.07:427][  0]LogConfig: Setting CVar [[r.DistanceFieldShadowing:1]]
[2019.09.05-03.01.07:427][  0]LogConfig: Setting CVar [[r.DistanceFieldAO:1]]
[2019.09.05-03.01.07:427][  0]LogConfig: Setting CVar [[r.AOQuality:2]]
[2019.09.05-03.01.07:427][  0]LogConfig: Setting CVar [[r.VolumetricFog:1]]
[2019.09.05-03.01.07:427][  0]LogConfig: Setting CVar [[r.VolumetricFog.GridPixelSize:8]]
[2019.09.05-03.01.07:427][  0]LogConfig: Setting CVar [[r.VolumetricFog.GridSizeZ:128]]
[2019.09.05-03.01.07:427][  0]LogConfig: Setting CVar [[r.VolumetricFog.HistoryMissSupersampleCount:4]]
[2019.09.05-03.01.07:427][  0]LogConfig: Setting CVar [[r.LightMaxDrawDistanceScale:1]]
[2019.09.05-03.01.07:427][  0]LogConfig: Setting CVar [[r.CapsuleShadows:1]]
[2019.09.05-03.01.07:427][  0]LogConfig: Applying CVar settings from Section [PostProcessQuality@3] File [D:/Github/InfectioAr/InfectioVR_UE4/Infectio_VR/Saved/Config/Windows/Scalability.ini]
[2019.09.05-03.01.07:427][  0]LogConfig: Setting CVar [[r.MotionBlurQuality:0]]
[2019.09.05-03.01.07:427][  0]LogConfig: Setting CVar [[r.AmbientOcclusionMipLevelFactor:0.4]]
[2019.09.05-03.01.07:427][  0]LogConfig: Setting CVar [[r.AmbientOcclusionMaxQuality:100]]
[2019.09.05-03.01.07:427][  0]LogConfig: Setting CVar [[r.AmbientOcclusionLevels:0]]
[2019.09.05-03.01.07:427][  0]LogConfig: Setting CVar [[r.AmbientOcclusionRadiusScale:1.0]]
[2019.09.05-03.01.07:427][  0]LogConfig: Setting CVar [[r.DepthOfFieldQuality:0]]
[2019.09.05-03.01.07:427][  0]LogConfig: Setting CVar [[r.RenderTargetPoolMin:400]]
[2019.09.05-03.01.07:427][  0]LogConfig: Setting CVar [[r.LensFlareQuality:0]]
[2019.09.05-03.01.07:427][  0]LogConfig: Setting CVar [[r.SceneColorFringeQuality:0]]
[2019.09.05-03.01.07:427][  0]LogConfig: Setting CVar [[r.EyeAdaptationQuality:2]]
[2019.09.05-03.01.07:427][  0]LogConfig: Setting CVar [[r.BloomQuality:1]]
[2019.09.05-03.01.07:427][  0]LogConfig: Setting CVar [[r.FastBlurThreshold:0]]
[2019.09.05-03.01.07:427][  0]LogConfig: Setting CVar [[r.Upscale.Quality:3]]
[2019.09.05-03.01.07:427][  0]LogConfig: Setting CVar [[r.Tonemapper.GrainQuantization:1]]
[2019.09.05-03.01.07:427][  0]LogConfig: Setting CVar [[r.LightShaftQuality:1]]
[2019.09.05-03.01.07:427][  0]LogConfig: Setting CVar [[r.Filter.SizeScale:1]]
[2019.09.05-03.01.07:427][  0]LogConfig: Setting CVar [[r.Tonemapper.Quality:5]]
[2019.09.05-03.01.07:427][  0]LogConfig: Setting CVar [[r.DOF.Gather.AccumulatorQuality:1        ; higher gathering accumulator quality]]
[2019.09.05-03.01.07:427][  0]LogConfig: Setting CVar [[r.DOF.Gather.PostfilterMethod:1          ; Median3x3 postfilering method]]
[2019.09.05-03.01.07:427][  0]LogConfig: Setting CVar [[r.DOF.Gather.EnableBokehSettings:0       ; no bokeh simulation when gathering]]
[2019.09.05-03.01.07:427][  0]LogConfig: Setting CVar [[r.DOF.Gather.RingCount:4                 ; medium number of samples when gathering]]
[2019.09.05-03.01.07:428][  0]LogConfig: Setting CVar [[r.DOF.Scatter.ForegroundCompositing:1    ; additive foreground scattering]]
[2019.09.05-03.01.07:428][  0]LogConfig: Setting CVar [[r.DOF.Scatter.BackgroundCompositing:2    ; additive background scattering]]
[2019.09.05-03.01.07:428][  0]LogConfig: Setting CVar [[r.DOF.Scatter.EnableBokehSettings:1      ; bokeh simulation when scattering]]
[2019.09.05-03.01.07:428][  0]LogConfig: Setting CVar [[r.DOF.Scatter.MaxSpriteRatio:0.1         ; only a maximum of 10% of scattered bokeh]]
[2019.09.05-03.01.07:428][  0]LogConfig: Setting CVar [[r.DOF.Recombine.Quality:1                ; cheap slight out of focus]]
[2019.09.05-03.01.07:428][  0]LogConfig: Setting CVar [[r.DOF.Recombine.EnableBokehSettings:0    ; no bokeh simulation on slight out of focus]]
[2019.09.05-03.01.07:428][  0]LogConfig: Setting CVar [[r.DOF.TemporalAAQuality:1                ; more stable temporal accumulation]]
[2019.09.05-03.01.07:428][  0]LogConfig: Setting CVar [[r.DOF.Kernel.MaxForegroundRadius:0.025]]
[2019.09.05-03.01.07:428][  0]LogConfig: Setting CVar [[r.DOF.Kernel.MaxBackgroundRadius:0.025]]
[2019.09.05-03.01.07:428][  0]LogConfig: Applying CVar settings from Section [TextureQuality@3] File [D:/Github/InfectioAr/InfectioVR_UE4/Infectio_VR/Saved/Config/Windows/Scalability.ini]
[2019.09.05-03.01.07:428][  0]LogConfig: Setting CVar [[r.Streaming.MipBias:0]]
[2019.09.05-03.01.07:428][  0]LogConfig: Setting CVar [[r.Streaming.AmortizeCPUToGPUCopy:0]]
[2019.09.05-03.01.07:428][  0]LogConfig: Setting CVar [[r.Streaming.MaxNumTexturesToStreamPerFrame:0]]
[2019.09.05-03.01.07:428][  0]LogConfig: Setting CVar [[r.Streaming.Boost:1]]
[2019.09.05-03.01.07:428][  0]LogConfig: Setting CVar [[r.MaxAnisotropy:8]]
[2019.09.05-03.01.07:428][  0]LogConfig: Setting CVar [[r.Streaming.LimitPoolSizeToVRAM:0]]
[2019.09.05-03.01.07:428][  0]LogConfig: Setting CVar [[r.Streaming.PoolSize:1000]]
[2019.09.05-03.01.07:428][  0]LogConfig: Setting CVar [[r.Streaming.MaxEffectiveScreenSize:0]]
[2019.09.05-03.01.07:428][  0]LogConfig: Applying CVar settings from Section [EffectsQuality@3] File [D:/Github/InfectioAr/InfectioVR_UE4/Infectio_VR/Saved/Config/Windows/Scalability.ini]
[2019.09.05-03.01.07:428][  0]LogConfig: Setting CVar [[r.TranslucencyLightingVolumeDim:4]]
[2019.09.05-03.01.07:428][  0]LogConfig: Setting CVar [[r.RefractionQuality:2]]
[2019.09.05-03.01.07:428][  0]LogConfig: Setting CVar [[r.SSR.Quality:0]]
[2019.09.05-03.01.07:428][  0]LogConfig: Setting CVar [[r.SceneColorFormat:2]]
[2019.09.05-03.01.07:428][  0]LogConfig: Setting CVar [[r.DetailMode:2]]
[2019.09.05-03.01.07:428][  0]LogConfig: Setting CVar [[r.TranslucencyVolumeBlur:0]]
[2019.09.05-03.01.07:428][  0]LogConfig: Setting CVar [[r.MaterialQualityLevel:1 ; High quality]]
[2019.09.05-03.01.07:428][  0]LogConfig: Setting CVar [[r.SSS.Scale:1]]
[2019.09.05-03.01.07:428][  0]LogConfig: Setting CVar [[r.SSS.SampleSet:2]]
[2019.09.05-03.01.07:428][  0]LogConfig: Setting CVar [[r.SSS.Quality:1]]
[2019.09.05-03.01.07:428][  0]LogConfig: Setting CVar [[r.SSS.HalfRes:1]]
[2019.09.05-03.01.07:428][  0]LogConfig: Setting CVar [[r.EmitterSpawnRateScale:1.0]]
[2019.09.05-03.01.07:428][  0]LogConfig: Setting CVar [[r.ParticleLightQuality:2]]
[2019.09.05-03.01.07:428][  0]LogConfig: Applying CVar settings from Section [FoliageQuality@3] File [D:/Github/InfectioAr/InfectioVR_UE4/Infectio_VR/Saved/Config/Windows/Scalability.ini]
[2019.09.05-03.01.07:428][  0]LogConfig: Setting CVar [[foliage.DensityScale:1.0]]
[2019.09.05-03.01.07:428][  0]LogConfig: Setting CVar [[grass.DensityScale:1.0]]
[2019.09.05-03.01.07:428][  0]LogConfig: Applying CVar settings from Section [Startup] File [../../../Engine/Config/ConsoleVariables.ini]
[2019.09.05-03.01.07:428][  0]LogConfig: Setting CVar [[net.UseAdaptiveNetUpdateFrequency:0]]
[2019.09.05-03.01.07:428][  0]LogConfig: Setting CVar [[p.chaos.AllowCreatePhysxBodies:1]]
[2019.09.05-03.01.07:428][  0]LogConfig: Applying CVar settings from Section [ConsoleVariables] File [D:/Github/InfectioAr/InfectioVR_UE4/Infectio_VR/Saved/Config/Windows/Engine.ini]
[2019.09.05-03.01.07:428][  0]LogInit: Computer: DESKTOP-898RK9L
[2019.09.05-03.01.07:428][  0]LogInit: User: Healomic
[2019.09.05-03.01.07:428][  0]LogInit: CPU Page size=4096, Cores=4
[2019.09.05-03.01.07:428][  0]LogInit: High frequency timer resolution =3.515628 MHz
[2019.09.05-03.01.07:429][  0]LogMemory: Memory total: Physical=7.9GB (8GB approx)
[2019.09.05-03.01.07:429][  0]LogMemory: Platform Memory Stats for Windows
[2019.09.05-03.01.07:429][  0]LogMemory: Process Physical Memory: 95.97 MB used, 95.97 MB peak
[2019.09.05-03.01.07:429][  0]LogMemory: Process Virtual Memory: 90.37 MB used, 90.37 MB peak
[2019.09.05-03.01.07:429][  0]LogMemory: Physical Memory: 6511.20 MB used,  1621.05 MB free, 8132.25 MB total
[2019.09.05-03.01.07:429][  0]LogMemory: Virtual Memory: 4655.88 MB used,  134213072.00 MB free, 134217728.00 MB total
[2019.09.05-03.01.07:450][  0]LogInit: Using OS detected language (en-US).
[2019.09.05-03.01.07:450][  0]LogInit: Using OS detected locale (en-MY).
[2019.09.05-03.01.07:451][  0]LogTextLocalizationManager: No specific localization for 'en-US' exists, so the 'en' localization will be used.
[2019.09.05-03.01.07:627][  0]LogInit: Setting process to per monitor DPI aware
[2019.09.05-03.01.07:654][  0]LogSlate: New Slate User Created.  User Index 0, Is Virtual User: 0
[2019.09.05-03.01.07:654][  0]LogSlate: Slate User Registered.  User Index 0, Is Virtual User: 0
[2019.09.05-03.01.07:838][  0]LogHMD: Failed to initialize OpenVR with code 126
[2019.09.05-03.01.07:838][  0]LogD3D11RHI: D3D11 adapters:
[2019.09.05-03.01.07:908][  0]LogD3D11RHI:    0. 'NVIDIA GeForce GTX 1060 3GB' (Feature Level 11_0)
[2019.09.05-03.01.07:908][  0]LogD3D11RHI:       2988/0/4066 MB DedicatedVideo/DedicatedSystem/SharedSystem, Outputs:2, VendorId:0x10de
[2019.09.05-03.01.07:911][  0]LogD3D11RHI:    1. 'Microsoft Basic Render Driver' (Feature Level 11_0)
[2019.09.05-03.01.07:911][  0]LogD3D11RHI:       0/0/4066 MB DedicatedVideo/DedicatedSystem/SharedSystem, Outputs:0, VendorId:0x1414
[2019.09.05-03.01.07:911][  0]LogD3D11RHI: Chosen D3D11 Adapter: 0
[2019.09.05-03.01.07:921][  0]LogD3D11RHI: Creating new Direct3DDevice
[2019.09.05-03.01.07:921][  0]LogD3D11RHI:     GPU DeviceId: 0x1c02 (for the marketing name, search the web for "GPU Device Id")
[2019.09.05-03.01.07:921][  0]LogWindows: EnumDisplayDevices:
[2019.09.05-03.01.07:921][  0]LogWindows:    0. 'NVIDIA GeForce GTX 1060 3GB' (P:1 D:1)
[2019.09.05-03.01.07:921][  0]LogWindows:    1. 'NVIDIA GeForce GTX 1060 3GB' (P:0 D:1)
[2019.09.05-03.01.07:921][  0]LogWindows:    2. 'NVIDIA GeForce GTX 1060 3GB' (P:0 D:0)
[2019.09.05-03.01.07:921][  0]LogWindows:    3. 'NVIDIA GeForce GTX 1060 3GB' (P:0 D:0)
[2019.09.05-03.01.07:922][  0]LogWindows: DebugString: FoundDriverCount:4 
[2019.09.05-03.01.07:922][  0]LogD3D11RHI:     Adapter Name: NVIDIA GeForce GTX 1060 3GB
[2019.09.05-03.01.07:922][  0]LogD3D11RHI:   Driver Version: 430.86 (internal:26.21.14.3086, unified:430.86)
[2019.09.05-03.01.07:922][  0]LogD3D11RHI:      Driver Date: 5-22-2019
[2019.09.05-03.01.07:922][  0]LogRHI: Texture pool is 2091 MB (70% of 2988 MB)
[2019.09.05-03.01.07:967][  0]LogD3D11RHI: Async texture creation enabled
[2019.09.05-03.01.07:999][  0]LogRendererCore: FGlobalReadBuffer::InitRHI
[2019.09.05-03.01.07:999][  0]LogRendererCore: FGlobalReadBuffer::InitRHI
[2019.09.05-03.01.07:999][  0]LogRendererCore: FGlobalReadBuffer::InitRHI
[2019.09.05-03.01.08:010][  0]LogD3D11RHI: GPU Timing Frequency: 1000.000000 (Debug: 2 1)
[2019.09.05-03.01.08:431][  0]LogTemp: Display: Module 'AllDesktopTargetPlatform' loaded TargetPlatform 'AllDesktop'
[2019.09.05-03.01.08:445][  0]LogTemp: Display: Module 'MacClientTargetPlatform' loaded TargetPlatform 'MacClient'
[2019.09.05-03.01.08:458][  0]LogTemp: Display: Module 'MacNoEditorTargetPlatform' loaded TargetPlatform 'MacNoEditor'
[2019.09.05-03.01.08:470][  0]LogTemp: Display: Module 'MacServerTargetPlatform' loaded TargetPlatform 'MacServer'
[2019.09.05-03.01.08:482][  0]LogTemp: Display: Module 'MacTargetPlatform' loaded TargetPlatform 'Mac'
[2019.09.05-03.01.08:494][  0]LogTemp: Display: Module 'WindowsClientTargetPlatform' loaded TargetPlatform 'WindowsClient'
[2019.09.05-03.01.08:509][  0]LogTemp: Display: Module 'WindowsNoEditorTargetPlatform' loaded TargetPlatform 'WindowsNoEditor'
[2019.09.05-03.01.08:521][  0]LogTemp: Display: Module 'WindowsServerTargetPlatform' loaded TargetPlatform 'WindowsServer'
[2019.09.05-03.01.08:526][  0]LogTemp: Display: Module 'WindowsTargetPlatform' loaded TargetPlatform 'Windows'
[2019.09.05-03.01.08:599][  0]LogTemp: Display: Module 'AndroidTargetPlatform' loaded TargetPlatform 'Android'
[2019.09.05-03.01.08:599][  0]LogTemp: Display: Module 'AndroidTargetPlatform' loaded TargetPlatform 'Android_ASTC'
[2019.09.05-03.01.08:599][  0]LogTemp: Display: Module 'AndroidTargetPlatform' loaded TargetPlatform 'Android_ATC'
[2019.09.05-03.01.08:599][  0]LogTemp: Display: Module 'AndroidTargetPlatform' loaded TargetPlatform 'Android_DXT'
[2019.09.05-03.01.08:599][  0]LogTemp: Display: Module 'AndroidTargetPlatform' loaded TargetPlatform 'Android_ETC1'
[2019.09.05-03.01.08:599][  0]LogTemp: Display: Module 'AndroidTargetPlatform' loaded TargetPlatform 'Android_ETC1a'
[2019.09.05-03.01.08:599][  0]LogTemp: Display: Module 'AndroidTargetPlatform' loaded TargetPlatform 'Android_ETC2'
[2019.09.05-03.01.08:599][  0]LogTemp: Display: Module 'AndroidTargetPlatform' loaded TargetPlatform 'Android_PVRTC'
[2019.09.05-03.01.08:599][  0]LogTemp: Display: Module 'AndroidTargetPlatform' loaded TargetPlatform 'AndroidClient'
[2019.09.05-03.01.08:599][  0]LogTemp: Display: Module 'AndroidTargetPlatform' loaded TargetPlatform 'Android_ASTCClient'
[2019.09.05-03.01.08:599][  0]LogTemp: Display: Module 'AndroidTargetPlatform' loaded TargetPlatform 'Android_ATCClient'
[2019.09.05-03.01.08:599][  0]LogTemp: Display: Module 'AndroidTargetPlatform' loaded TargetPlatform 'Android_DXTClient'
[2019.09.05-03.01.08:599][  0]LogTemp: Display: Module 'AndroidTargetPlatform' loaded TargetPlatform 'Android_ETC1Client'
[2019.09.05-03.01.08:599][  0]LogTemp: Display: Module 'AndroidTargetPlatform' loaded TargetPlatform 'Android_ETC1aClient'
[2019.09.05-03.01.08:599][  0]LogTemp: Display: Module 'AndroidTargetPlatform' loaded TargetPlatform 'Android_ETC2Client'
[2019.09.05-03.01.08:599][  0]LogTemp: Display: Module 'AndroidTargetPlatform' loaded TargetPlatform 'Android_PVRTCClient'
[2019.09.05-03.01.08:599][  0]LogTemp: Display: Module 'AndroidTargetPlatform' loaded TargetPlatform 'Android_Multi'
[2019.09.05-03.01.08:599][  0]LogTemp: Display: Module 'AndroidTargetPlatform' loaded TargetPlatform 'Android_MultiClient'
[2019.09.05-03.01.08:600][  0]LogTemp: Display: Module 'HTML5TargetPlatform' loaded TargetPlatform 'HTML5'
[2019.09.05-03.01.08:646][  0]LogTemp: Display: Module 'IOSTargetPlatform' loaded TargetPlatform 'IOSClient'
[2019.09.05-03.01.08:646][  0]LogTemp: Display: Module 'IOSTargetPlatform' loaded TargetPlatform 'IOS'
[2019.09.05-03.01.08:673][  0]LogTemp: Display: Module 'TVOSTargetPlatform' loaded TargetPlatform 'TVOSClient'
[2019.09.05-03.01.08:674][  0]LogTemp: Display: Module 'TVOSTargetPlatform' loaded TargetPlatform 'TVOS'
[2019.09.05-03.01.08:689][  0]LogTemp: Display: Module 'LinuxClientTargetPlatform' loaded TargetPlatform 'LinuxClient'
[2019.09.05-03.01.08:700][  0]LogTemp: Display: Module 'LinuxNoEditorTargetPlatform' loaded TargetPlatform 'LinuxNoEditor'
[2019.09.05-03.01.08:711][  0]LogTemp: Display: Module 'LinuxServerTargetPlatform' loaded TargetPlatform 'LinuxServer'
[2019.09.05-03.01.08:724][  0]LogTemp: Display: Module 'LinuxTargetPlatform' loaded TargetPlatform 'Linux'
[2019.09.05-03.01.08:763][  0]LogTemp: Display: Module 'LuminTargetPlatform' loaded TargetPlatform 'Lumin'
[2019.09.05-03.01.08:763][  0]LogTemp: Display: Module 'LuminTargetPlatform' loaded TargetPlatform 'LuminClient'
[2019.09.05-03.01.08:763][  0]LogTargetPlatformManager: Display: Building Assets For Windows
[2019.09.05-03.01.08:770][  0]LogAudioDebug: Display: Lib vorbis DLL was dynamically loaded.
[2019.09.05-03.01.08:808][  0]LogShaderCompilers: Guid format shader working directory is -14 characters bigger than the processId version (../../../../../Github/InfectioAr/InfectioVR_UE4/Infectio_VR/Intermediate/Shaders/WorkingDirectory/13524/).
[2019.09.05-03.01.08:808][  0]LogShaderCompilers: Cleaned the shader compiler working directory 'C:/Users/arvin/AppData/Local/Temp/UnrealShaderWorkingDir/E8BF23D1447E2E44373C7E9CD7231706/'.
[2019.09.05-03.01.08:810][  0]LogXGEController: Cannot use XGE Controller as Incredibuild is not installed on this machine.
[2019.09.05-03.01.08:810][  0]LogShaderCompilers: Cannot use XGE Shader Compiler as Incredibuild is not installed on this machine.
[2019.09.05-03.01.08:810][  0]LogShaderCompilers: Display: Using Local Shader Compiler.
[2019.09.05-03.01.09:339][  0]LogDerivedDataCache: Display: Max Cache Size: 512 MB
[2019.09.05-03.01.09:431][  0]LogDerivedDataCache: Loaded boot cache 0.09s 86MB C:/Users/arvin/AppData/Local/UnrealEngine/4.22/DerivedDataCache/Boot.ddc.
[2019.09.05-03.01.09:431][  0]LogDerivedDataCache: Display: Loaded Boot cache: C:/Users/arvin/AppData/Local/UnrealEngine/4.22/DerivedDataCache/Boot.ddc
[2019.09.05-03.01.09:431][  0]LogDerivedDataCache: FDerivedDataBackendGraph:  Pak pak cache file ../../../../../Github/InfectioAr/InfectioVR_UE4/Infectio_VR/DerivedDataCache/DDC.ddp not found, will not use a pak cache.
[2019.09.05-03.01.09:431][  0]LogDerivedDataCache: Unable to find inner node Pak for hierarchical cache Hierarchy.
[2019.09.05-03.01.09:431][  0]LogDerivedDataCache: FDerivedDataBackendGraph:  CompressedPak pak cache file ../../../../../Github/InfectioAr/InfectioVR_UE4/Infectio_VR/DerivedDataCache/Compressed.ddp not found, will not use a pak cache.
[2019.09.05-03.01.09:431][  0]LogDerivedDataCache: Unable to find inner node CompressedPak for hierarchical cache Hierarchy.
[2019.09.05-03.01.09:443][  0]LogDerivedDataCache: Display: Pak cache opened for reading ../../../Engine/DerivedDataCache/Compressed.ddp.
[2019.09.05-03.01.09:443][  0]LogDerivedDataCache: FDerivedDataBackendGraph:  EnterprisePak pak cache file ../../../Enterprise/DerivedDataCache/Compressed.ddp not found, will not use a pak cache.
[2019.09.05-03.01.09:443][  0]LogDerivedDataCache: Unable to find inner node EnterprisePak for hierarchical cache Hierarchy.
[2019.09.05-03.01.09:456][  0]LogDerivedDataCache: Using Local data cache path C:/Users/arvin/AppData/Local/UnrealEngine/Common/DerivedDataCache: Writable
[2019.09.05-03.01.09:456][  0]LogDerivedDataCache: Shared data cache path not found in *engine.ini, will not use an Shared cache.
[2019.09.05-03.01.09:456][  0]LogDerivedDataCache: Unable to find inner node Shared for hierarchical cache Hierarchy.
[2019.09.05-03.01.09:481][  0]LogMaterial: Verifying Global Shaders for PCD3D_SM5
[2019.09.05-03.01.09:482][  0]LogSlate: Using FreeType 2.6.0
[2019.09.05-03.01.09:482][  0]LogSlate: SlateFontServices - WITH_FREETYPE: 1, WITH_HARFBUZZ: 1
[2019.09.05-03.01.09:559][  0]LogAssetRegistry: FAssetRegistry took 0.0327 seconds to start up
[2019.09.05-03.01.09:869][  0]LogInit: Selected Device Profile: [Windows]
[2019.09.05-03.01.10:008][  0]LogMeshReduction: Using QuadricMeshReduction for automatic static mesh reduction
[2019.09.05-03.01.10:008][  0]LogMeshReduction: Using SimplygonMeshReduction for automatic skeletal mesh reduction
[2019.09.05-03.01.10:008][  0]LogMeshReduction: Using ProxyLODMeshReduction for automatic mesh merging
[2019.09.05-03.01.10:008][  0]LogMeshReduction: No distributed automatic mesh merging module available
[2019.09.05-03.01.10:008][  0]LogMeshMerging: No distributed automatic mesh merging module available
[2019.09.05-03.01.10:021][  0]LogNetVersion: InfectioVR 1.0.0, NetCL: 5660361, EngineNetVer: 10, GameNetVer: 0 (Checksum: 820661487)
[2019.09.05-03.01.10:550][  0]LogPackageLocalizationCache: Processed 10 localized package path(s) for 1 prioritized culture(s) in 0.079001 seconds
[2019.09.05-03.01.10:557][  0]LogUObjectArray: 42205 objects as part of root set at end of initial load.
[2019.09.05-03.01.10:557][  0]LogUObjectAllocator: 7325032 out of 0 bytes used by permanent object pool.
[2019.09.05-03.01.10:557][  0]LogUObjectArray: CloseDisregardForGC: 0/0 objects in disregard for GC pool
[2019.09.05-03.01.11:428][  0]LogSubstanceCoreModule: Substance [CPU] Engine Loaded, Max Texture Size = 2048
[2019.09.05-03.01.11:453][  0]LogTcpMessaging: Initializing TcpMessaging bridge
[2019.09.05-03.01.11:468][  0]LogUdpMessaging: Initializing bridge on interface 0.0.0.0:0 to multicast group 230.0.0.1:6666.
[2019.09.05-03.01.11:586][  0]SourceControl: Source control is disabled
[2019.09.05-03.01.11:586][  0]SourceControl: Source control is disabled
[2019.09.05-03.01.11:588][  0]SourceControl: Source control is disabled
[2019.09.05-03.01.11:589][  0]SourceControl: Source control is disabled
[2019.09.05-03.01.11:664][  0]LogAndroidPermission: UAndroidPermissionCallbackProxy::GetInstance
[2019.09.05-03.01.11:734][  0]LogOcInput: OculusInput pre-init called
[2019.09.05-03.01.13:325][  0]LogEngine: Initializing Engine...
[2019.09.05-03.01.13:356][  0]LogHMD: Failed to initialize OpenVR with code 126
[2019.09.05-03.01.13:358][  0]LogStats: UGameplayTagsManager::InitializeManager -  0.000 s
[2019.09.05-03.01.13:616][  0]LogInit: Initializing FReadOnlyCVARCache
[2019.09.05-03.01.13:632][  0]LogAIModule: Creating AISystem for world Untitled
[2019.09.05-03.01.13:747][  0]LogInit: XAudio2 using 'Speakers (Realtek High Definition Audio)' : 2 channels at 48 kHz using 32 bits per sample (channel mask 0x3)
[2019.09.05-03.01.13:758][  0]LogInit: FAudioDevice initialized.
[2019.09.05-03.01.13:758][  0]LogNetVersion: Set ProjectVersion to 1.0.0.0. Version Checksum will be recalculated on next use.
[2019.09.05-03.01.13:945][  0]LogDerivedDataCache: Saved boot cache 0.19s 86MB C:/Users/arvin/AppData/Local/UnrealEngine/4.22/DerivedDataCache/Boot.ddc.
[2019.09.05-03.01.13:960][  0]LogInit: Texture streaming: Enabled
[2019.09.05-03.01.13:979][  0]LogEngineSessionManager: EngineSessionManager initialized
[2019.09.05-03.01.13:997][  0]LogInit: Transaction tracking system initialized
[2019.09.05-03.01.14:018][  0]BlueprintLog: New page: Editor Load
[2019.09.05-03.01.14:100][  0]LocalizationService: Localization service is disabled
[2019.09.05-03.01.14:604][  0]LogFileCache: Scanning file cache for directory 'D:/Github/InfectioAr/InfectioVR_UE4/Infectio_VR/Content/' took 0.04s
[2019.09.05-03.01.14:604][  0]LogCook: Display: Max memory allowance for cook 16384mb min free memory 0mb
[2019.09.05-03.01.14:604][  0]LogCook: Display: Mobile HDR setting 1
[2019.09.05-03.01.14:838][  0]SourceControl: Source control is disabled
[2019.09.05-03.01.14:941][  0]LogWindowsTextInputMethodSystem: Display: IME system now deactivated.
[2019.09.05-03.01.14:942][  0]LogSlate: Took 0.000152 seconds to synchronously load lazily loaded font '../../../Engine/Content/Slate/Fonts/Roboto-Regular.ttf' (155K)
[2019.09.05-03.02.30:917][  0]LogSlate: Window 'Restore Packages' being destroyed
[2019.09.05-03.02.30:918][  0]LogWindowsTextInputMethodSystem: Display: IME system now deactivated.
[2019.09.05-03.02.30:964][  0]LogWindowsTextInputMethodSystem: Display: IME system now deactivated.
[2019.09.05-03.02.32:133][  0]LogSlate: Window 'Unable to Check Out From Source Control!' being destroyed
[2019.09.05-03.02.32:133][  0]LogWindowsTextInputMethodSystem: Display: IME system now deactivated.
[2019.09.05-03.02.32:276][  0]LogWindowsTextInputMethodSystem: Display: IME system now deactivated.
[2019.09.05-03.02.32:278][  0]Cmd: MAP LOAD FILE="../../../../../Github/InfectioAr/InfectioVR_UE4/Infectio_VR/Content/VirtualRealityBP/Maps/StartupMap.umap" TEMPLATE=0 SHOWPROGRESS=1 FEATURELEVEL=3
[2019.09.05-03.02.32:278][  0]LightingResults: New page: Lighting Build
[2019.09.05-03.02.32:280][  0]MapCheck: New page: Map Check
[2019.09.05-03.02.32:280][  0]LightingResults: New page: Lighting Build
[2019.09.05-03.02.32:320][  0]LogUObjectHash: Compacting FUObjectHashTables data took   3.80ms
[2019.09.05-03.02.32:854][  0]LogTexture: Display: Building textures: SkyOcclusion1_1 (AutoDXT, 256X128)
[2019.09.05-03.02.32:854][  0]LogTexture: Display: Building textures: HQ_Lightmap1_1 (AutoDXT, 256X256)
[2019.09.05-03.02.32:854][  0]LogTexture: Display: Building textures: LQ_Lightmap_1_1 (DXT1, 256X256)
[2019.09.05-03.02.32:854][  0]LogMaterial: Uniform references updated for custom material expression Custom.
[2019.09.05-03.02.34:727][  0]LogAIModule: Creating AISystem for world StartupMap
[2019.09.05-03.02.34:733][  0]LogEditorServer: Finished looking for orphan Actors (0.000 secs)
[2019.09.05-03.02.34:759][  0]LogUObjectHash: Compacting FUObjectHashTables data took   1.17ms
[2019.09.05-03.02.34:759][  0]Cmd: MAP CHECKDEP NOCLEARLOG
[2019.09.05-03.02.34:760][  0]MapCheck: Map check complete: 0 Error(s), 0 Warning(s), took 0.428ms to complete.
[2019.09.05-03.02.34:760][  0]LogFileHelpers: Loading map 'StartupMap' took 2.483
[2019.09.05-03.02.35:213][  0]LogSlate: Updating window title bar state: overlay mode, drag disabled, window buttons hidden, title bar hidden
[2019.09.05-03.02.35:221][  0]LogSlate: Updating window title bar state: overlay mode, drag disabled, window buttons hidden, title bar hidden
[2019.09.05-03.02.35:227][  0]LogSlate: Updating window title bar state: overlay mode, drag disabled, window buttons hidden, title bar hidden
[2019.09.05-03.02.35:233][  0]LogSlate: Updating window title bar state: overlay mode, drag disabled, window buttons hidden, title bar hidden
[2019.09.05-03.02.35:254][  0]LogCollectionManager: Loaded 0 collections in 0.000957 seconds
[2019.09.05-03.02.35:400][  0]LogFileCache: Scanning file cache for directory 'D:/Github/InfectioAr/InfectioVR_UE4/Infectio_VR/Saved/Collections/' took 0.01s
[2019.09.05-03.02.35:400][  0]LogFileCache: Scanning file cache for directory 'D:/Github/InfectioAr/InfectioVR_UE4/Infectio_VR/Content/Developers/Healomic/Collections/' took 0.00s
[2019.09.05-03.02.35:400][  0]LogFileCache: Scanning file cache for directory 'D:/Github/InfectioAr/InfectioVR_UE4/Infectio_VR/Content/Collections/' took 0.01s
[2019.09.05-03.02.35:400][  0]LogCollectionManager: Rebuilt the GUID cache for 0 collections in 0.000002 seconds
[2019.09.05-03.02.35:409][  0]LogContentBrowser: Native class hierarchy populated in 0.0088 seconds. Added 2746 classes and 665 folders.
[2019.09.05-03.02.35:529][  0]LogContentBrowser: Native class hierarchy updated for 'WidgetCarousel' in 0.0003 seconds. Added 0 classes and 0 folders.
[2019.09.05-03.02.35:560][  0]LogPakFile: Registered encryption key '00000000000000000000000000000000': 0 pak files mounted, 0 remain pending
[2019.09.05-03.02.35:586][  0]LogPakFile: Registered encryption key '00000000000000000000000000000000': 0 pak files mounted, 0 remain pending
[2019.09.05-03.02.35:599][  0]LogPakFile: Registered encryption key '00000000000000000000000000000000': 0 pak files mounted, 0 remain pending
[2019.09.05-03.02.35:605][  0]LogPakFile: Registered encryption key '00000000000000000000000000000000': 0 pak files mounted, 0 remain pending
[2019.09.05-03.02.35:611][  0]LogPakFile: Registered encryption key '00000000000000000000000000000000': 0 pak files mounted, 0 remain pending
[2019.09.05-03.02.35:616][  0]LogPakFile: Registered encryption key '00000000000000000000000000000000': 0 pak files mounted, 0 remain pending
[2019.09.05-03.02.35:620][  0]LogPakFile: Registered encryption key '00000000000000000000000000000000': 0 pak files mounted, 0 remain pending
[2019.09.05-03.02.35:624][  0]LogPakFile: Registered encryption key '00000000000000000000000000000000': 0 pak files mounted, 0 remain pending
[2019.09.05-03.02.35:631][  0]LogPakFile: Registered encryption key '00000000000000000000000000000000': 0 pak files mounted, 0 remain pending
[2019.09.05-03.02.35:638][  0]LogPakFile: Registered encryption key '00000000000000000000000000000000': 0 pak files mounted, 0 remain pending
[2019.09.05-03.02.35:644][  0]LogPakFile: Registered encryption key '00000000000000000000000000000000': 0 pak files mounted, 0 remain pending
[2019.09.05-03.02.35:649][  0]LogPakFile: Registered encryption key '00000000000000000000000000000000': 0 pak files mounted, 0 remain pending
[2019.09.05-03.02.35:655][  0]LogPakFile: Registered encryption key '00000000000000000000000000000000': 0 pak files mounted, 0 remain pending
[2019.09.05-03.02.35:662][  0]LogPakFile: Registered encryption key '00000000000000000000000000000000': 0 pak files mounted, 0 remain pending
[2019.09.05-03.02.35:671][  0]LogPakFile: Registered encryption key '00000000000000000000000000000000': 0 pak files mounted, 0 remain pending
[2019.09.05-03.02.35:676][  0]LogPakFile: Registered encryption key '00000000000000000000000000000000': 0 pak files mounted, 0 remain pending
[2019.09.05-03.02.35:702][  0]LogPakFile: Registered encryption key '00000000000000000000000000000000': 0 pak files mounted, 0 remain pending
[2019.09.05-03.02.35:717][  0]LogPakFile: Registered encryption key '00000000000000000000000000000000': 0 pak files mounted, 0 remain pending
[2019.09.05-03.02.35:740][  0]LogPakFile: Registered encryption key '00000000000000000000000000000000': 0 pak files mounted, 0 remain pending
[2019.09.05-03.02.35:747][  0]LogPakFile: Registered encryption key '00000000000000000000000000000000': 0 pak files mounted, 0 remain pending
[2019.09.05-03.02.35:753][  0]LogPakFile: Registered encryption key '00000000000000000000000000000000': 0 pak files mounted, 0 remain pending
[2019.09.05-03.02.35:758][  0]LogPakFile: Registered encryption key '00000000000000000000000000000000': 0 pak files mounted, 0 remain pending
[2019.09.05-03.02.35:763][  0]LogPakFile: Registered encryption key '00000000000000000000000000000000': 0 pak files mounted, 0 remain pending
[2019.09.05-03.02.35:769][  0]LogPakFile: Registered encryption key '00000000000000000000000000000000': 0 pak files mounted, 0 remain pending
[2019.09.05-03.02.35:774][  0]LogPakFile: Registered encryption key '00000000000000000000000000000000': 0 pak files mounted, 0 remain pending
[2019.09.05-03.02.35:781][  0]LogPakFile: Registered encryption key '00000000000000000000000000000000': 0 pak files mounted, 0 remain pending
[2019.09.05-03.02.36:125][  0]LogContentBrowser: Native class hierarchy updated for 'AddContentDialog' in 0.0002 seconds. Added 0 classes and 0 folders.
[2019.09.05-03.02.36:179][  0]LogContentBrowser: Native class hierarchy updated for 'SceneOutliner' in 0.0002 seconds. Added 1 classes and 2 folders.
[2019.09.05-03.02.36:358][  0]LogSlate: Took 0.000216 seconds to synchronously load lazily loaded font '../../../Engine/Content/Slate/Fonts/Roboto-Bold.ttf' (160K)
[2019.09.05-03.02.36:399][  0]LogSlate: Took 0.019205 seconds to synchronously load lazily loaded font '../../../Engine/Content/Editor/Slate/Fonts/FontAwesome.ttf' (139K)
[2019.09.05-03.02.36:571][  0]LogRenderer: Reallocating scene render targets to support 1208x572 Format 26 NumSamples 1 (Frame:1).
[2019.09.05-03.02.36:740][  0]LogSlate: FSceneViewport::OnFocusLost() reason 2
[2019.09.05-03.02.36:823][  0]LogSlate: Window 'Tutorials' being destroyed
[2019.09.05-03.02.36:854][  0]LogContentBrowser: Native class hierarchy updated for 'HierarchicalLODOutliner' in 0.0002 seconds. Added 0 classes and 0 folders.
[2019.09.05-03.02.36:854][  0]LogLoad: (Engine Initialization) Total time: 91.62 seconds
[2019.09.05-03.02.36:854][  0]LogLoad: (Engine Initialization) Total Blueprint compile time: 0.00 seconds
[2019.09.05-03.02.36:918][  0]LogAssetRegistry: Asset discovery search completed in 87.3811 seconds
[2019.09.05-03.02.36:921][  0]LogCollectionManager: Rebuilt the object cache for 0 collections in 0.000000 seconds (found 0 objects)
[2019.09.05-03.02.36:921][  0]LogCollectionManager: Fixed up redirectors for 0 collections in 0.000059 seconds (updated 0 objects)
[2019.09.05-03.02.36:948][  0]LogContentStreaming: Texture pool size now 1000 MB
[2019.09.05-03.02.37:007][  0]LogSlate: Took 0.019943 seconds to synchronously load lazily loaded font '../../../Engine/Content/Slate/Fonts/Roboto-Light.ttf' (167K)
[2019.09.05-03.02.37:012][  1]LogSubstanceLiveLink: Warning: Unable to send data along socket, closing connection
[2019.09.05-03.02.37:881][ 96]LogSlate: Took 0.000190 seconds to synchronously load lazily loaded font '../../../Engine/Content/Slate/Fonts/Roboto-Light.ttf' (167K)
[2019.09.05-03.02.49:628][494]LogSlate: FSceneViewport::OnFocusLost() reason 0
[2019.09.05-03.02.53:678][978]Cmd: POLY SELECT ADJACENT WALLS
[2019.09.05-03.03.09:846][906]LogEditorViewport: Clicking on Actor (LMB): StaticMeshActor (ToiletWall_Base)
[2019.09.05-03.03.10:944][  7]LogEditorViewport: Clicking on Actor (LMB): StaticMeshActor (ToiletWall_Base)
[2019.09.05-03.03.11:911][113]LogSlate: FSceneViewport::OnFocusLost() reason 0
[2019.09.05-03.03.12:068][130]LogAssetEditorManager: Opening Asset editor for Material /Game/Geometry/Toilet_Wall/Base/Wall.Wall
[2019.09.05-03.03.12:071][130]LogMaterial: Display: Missing cached shader map for material Wall, compiling. 
[2019.09.05-03.03.12:683][130]LogMaterial: Display: Missing cached shader map for material FMatExpressionPreview MaterialExpressionTextureSample_0, compiling. 
[2019.09.05-03.03.12:689][130]LogMaterial: Display: Missing cached shader map for material FMatExpressionPreview MaterialExpressionTextureSample_3, compiling. 
[2019.09.05-03.03.12:694][130]LogMaterial: Display: Missing cached shader map for material FMatExpressionPreview MaterialExpressionTextureSample_4, compiling. 
[2019.09.05-03.03.12:700][130]LogMaterial: Display: Missing cached shader map for material FMatExpressionPreview MaterialExpressionTextureSample_1, compiling. 
[2019.09.05-03.03.12:706][130]LogMaterial: Display: Missing cached shader map for material FMatExpressionPreview MaterialExpressionVectorParameter_0, compiling. 
[2019.09.05-03.03.12:712][130]LogMaterial: Display: Missing cached shader map for material FMatExpressionPreview MaterialExpressionTextureSample_2, compiling. 
[2019.09.05-03.03.12:717][130]LogMaterial: Display: Missing cached shader map for material FMatExpressionPreview MaterialExpressionVectorParameter_1, compiling. 
[2019.09.05-03.03.12:722][130]LogMaterial: Display: Missing cached shader map for material FMatExpressionPreview MaterialExpressionConstant3Vector_0, compiling. 
[2019.09.05-03.03.12:728][130]LogMaterial: Display: Missing cached shader map for material FMatExpressionPreview MaterialExpressionVectorParameter_2, compiling. 
[2019.09.05-03.03.12:736][130]LogMaterial: Display: Missing cached shader map for material Wall, compiling. 
[2019.09.05-03.03.12:768][130]LogMaterial: Display: Missing cached shader map for material Wall, compiling. 
[2019.09.05-03.03.12:815][130]LogMaterial: Display: Missing cached shader map for material FMatExpressionPreview MaterialExpressionTextureSample_0, compiling. 
[2019.09.05-03.03.12:820][130]LogMaterial: Display: Missing cached shader map for material FMatExpressionPreview MaterialExpressionTextureSample_3, compiling. 
[2019.09.05-03.03.12:826][130]LogMaterial: Display: Missing cached shader map for material FMatExpressionPreview MaterialExpressionTextureSample_4, compiling. 
[2019.09.05-03.03.12:833][130]LogMaterial: Display: Missing cached shader map for material FMatExpressionPreview MaterialExpressionTextureSample_1, compiling. 
[2019.09.05-03.03.12:839][130]LogMaterial: Display: Missing cached shader map for material FMatExpressionPreview MaterialExpressionVectorParameter_0, compiling. 
[2019.09.05-03.03.12:846][130]LogMaterial: Display: Missing cached shader map for material FMatExpressionPreview MaterialExpressionTextureSample_2, compiling. 
[2019.09.05-03.03.12:851][130]LogMaterial: Display: Missing cached shader map for material FMatExpressionPreview MaterialExpressionVectorParameter_1, compiling. 
[2019.09.05-03.03.12:856][130]LogMaterial: Display: Missing cached shader map for material FMatExpressionPreview MaterialExpressionConstant3Vector_0, compiling. 
[2019.09.05-03.03.12:862][130]LogMaterial: Display: Missing cached shader map for material FMatExpressionPreview MaterialExpressionVectorParameter_2, compiling. 
[2019.09.05-03.03.12:951][130]LogSlate: Took 0.054496 seconds to synchronously load lazily loaded font '../../../Engine/Content/Slate/Fonts/Roboto-BoldCondensed.ttf' (158K)
[2019.09.05-03.03.15:291][222]LogShaderCompilers: Display: Shaders left to compile 40
[2019.09.05-03.03.15:401][227]LogSlate: Took 0.011295 seconds to synchronously load lazily loaded font '../../../Engine/Content/Slate/Fonts/Roboto-Italic.ttf' (157K)
[2019.09.05-03.03.16:825][286]LogShaderCompilers: Display: Shaders left to compile 30
[2019.09.05-03.03.18:711][356]LogMaterial: Display: Missing cached shader map for material Wall, compiling. 
[2019.09.05-03.03.18:743][356]LogMaterial: Display: Missing cached shader map for material FMatExpressionPreview MaterialExpressionTextureSample_0, compiling. 
[2019.09.05-03.03.18:753][356]LogMaterial: Display: Missing cached shader map for material FMatExpressionPreview MaterialExpressionTextureSample_3, compiling. 
[2019.09.05-03.03.18:760][356]LogMaterial: Display: Missing cached shader map for material FMatExpressionPreview MaterialExpressionTextureSample_4, compiling. 
[2019.09.05-03.03.18:769][356]LogMaterial: Display: Missing cached shader map for material FMatExpressionPreview MaterialExpressionTextureSample_1, compiling. 
[2019.09.05-03.03.18:777][356]LogMaterial: Display: Missing cached shader map for material FMatExpressionPreview MaterialExpressionVectorParameter_0, compiling. 
[2019.09.05-03.03.18:786][356]LogMaterial: Display: Missing cached shader map for material FMatExpressionPreview MaterialExpressionTextureSample_2, compiling. 
[2019.09.05-03.03.18:794][356]LogMaterial: Display: Missing cached shader map for material FMatExpressionPreview MaterialExpressionVectorParameter_1, compiling. 
[2019.09.05-03.03.18:801][356]LogMaterial: Display: Missing cached shader map for material FMatExpressionPreview MaterialExpressionConstant3Vector_0, compiling. 
[2019.09.05-03.03.18:807][356]LogMaterial: Display: Missing cached shader map for material FMatExpressionPreview MaterialExpressionVectorParameter_2, compiling. 
[2019.09.05-03.03.18:846][356]LogMaterial: Display: Missing cached shader map for material Wall, compiling. 
[2019.09.05-03.03.18:904][356]LogMaterial: Display: Missing cached shader map for material FMatExpressionPreview MaterialExpressionTextureSample_0, compiling. 
[2019.09.05-03.03.18:912][356]LogMaterial: Display: Missing cached shader map for material FMatExpressionPreview MaterialExpressionTextureSample_3, compiling. 
[2019.09.05-03.03.18:919][356]LogMaterial: Display: Missing cached shader map for material FMatExpressionPreview MaterialExpressionTextureSample_4, compiling. 
[2019.09.05-03.03.18:928][356]LogMaterial: Display: Missing cached shader map for material FMatExpressionPreview MaterialExpressionVectorParameter_0, compiling. 
[2019.09.05-03.03.18:936][356]LogMaterial: Display: Missing cached shader map for material FMatExpressionPreview MaterialExpressionTextureSample_2, compiling. 
[2019.09.05-03.03.18:946][356]LogMaterial: Display: Missing cached shader map for material FMatExpressionPreview MaterialExpressionVectorParameter_1, compiling. 
[2019.09.05-03.03.18:954][356]LogMaterial: Display: Missing cached shader map for material FMatExpressionPreview MaterialExpressionConstant3Vector_0, compiling. 
[2019.09.05-03.03.18:961][356]LogMaterial: Display: Missing cached shader map for material FMatExpressionPreview MaterialExpressionVectorParameter_2, compiling. 
[2019.09.05-03.03.18:970][356]LogMaterial: Display: Missing cached shader map for material Wall, compiling. 
[2019.09.05-03.03.19:025][356]LogMaterial: Display: Missing cached shader map for material FMatExpressionPreview MaterialExpressionTextureSample_0, compiling. 
[2019.09.05-03.03.19:034][356]LogMaterial: Display: Missing cached shader map for material FMatExpressionPreview MaterialExpressionTextureSample_3, compiling. 
[2019.09.05-03.03.19:043][356]LogMaterial: Display: Missing cached shader map for material FMatExpressionPreview MaterialExpressionTextureSample_4, compiling. 
[2019.09.05-03.03.19:051][356]LogMaterial: Display: Missing cached shader map for material FMatExpressionPreview MaterialExpressionTextureSample_2, compiling. 
[2019.09.05-03.03.19:060][356]LogMaterial: Display: Missing cached shader map for material FMatExpressionPreview MaterialExpressionVectorParameter_1, compiling. 
[2019.09.05-03.03.19:068][356]LogMaterial: Display: Missing cached shader map for material FMatExpressionPreview MaterialExpressionConstant3Vector_0, compiling. 
[2019.09.05-03.03.19:076][356]LogMaterial: Display: Missing cached shader map for material FMatExpressionPreview MaterialExpressionVectorParameter_2, compiling. 
[2019.09.05-03.03.19:087][356]LogMaterial: Display: Missing cached shader map for material Wall, compiling. 
[2019.09.05-03.03.19:110][356]LogMaterial: Warning: FMaterialUniformExpressionTexture had invalid TextureIndex! (3 / 3)
[2019.09.05-03.03.19:145][356]LogMaterial: Display: Missing cached shader map for material FMatExpressionPreview MaterialExpressionTextureSample_0, compiling. 
[2019.09.05-03.03.19:152][356]LogMaterial: Display: Missing cached shader map for material FMatExpressionPreview MaterialExpressionTextureSample_3, compiling. 
[2019.09.05-03.03.19:161][356]LogMaterial: Display: Missing cached shader map for material FMatExpressionPreview MaterialExpressionTextureSample_4, compiling. 
[2019.09.05-03.03.19:171][356]LogMaterial: Display: Missing cached shader map for material FMatExpressionPreview MaterialExpressionConstant3Vector_0, compiling. 
[2019.09.05-03.03.19:178][356]LogMaterial: Display: Missing cached shader map for material FMatExpressionPreview MaterialExpressionVectorParameter_2, compiling. 
[2019.09.05-03.03.19:252][357]LogShaderCompilers: Display: Shaders left to compile 40
[2019.09.05-03.03.20:286][402]LogShaderCompilers: Display: Shaders left to compile 30
[2019.09.05-03.03.22:102][479]LogShaderCompilers: Display: Shaders left to compile 20
[2019.09.05-03.03.22:776][508]LogMaterial: Display: Missing cached shader map for material Wall, compiling. 
[2019.09.05-03.03.22:806][508]LogMaterial: Display: Missing cached shader map for material FMatExpressionPreview MaterialExpressionTextureSample_0, compiling. 
[2019.09.05-03.03.22:813][508]LogMaterial: Display: Missing cached shader map for material FMatExpressionPreview MaterialExpressionTextureSample_3, compiling. 
[2019.09.05-03.03.22:822][508]LogMaterial: Display: Missing cached shader map for material FMatExpressionPreview MaterialExpressionTextureSample_4, compiling. 
[2019.09.05-03.03.22:858][508]LogMaterial: Display: Missing cached shader map for material Wall, compiling. 
[2019.09.05-03.03.23:533][533]LogMaterial: Display: Missing cached shader map for material Wall, compiling. 
[2019.09.05-03.03.23:565][533]LogMaterial: Display: Missing cached shader map for material FMatExpressionPreview MaterialExpressionTextureSample_0, compiling. 
[2019.09.05-03.03.23:574][533]LogShaderCompilers: Display: Shaders left to compile 30
[2019.09.05-03.03.23:574][533]LogMaterial: Display: Missing cached shader map for material FMatExpressionPreview MaterialExpressionTextureSample_3, compiling. 
[2019.09.05-03.03.23:581][533]LogMaterial: Display: Missing cached shader map for material FMatExpressionPreview MaterialExpressionTextureSample_4, compiling. 
[2019.09.05-03.03.23:613][533]LogMaterial: Display: Missing cached shader map for material Wall, compiling. 
[2019.09.05-03.03.24:190][554]LogMaterialEditor: Saving and Compiling material Wall
[2019.09.05-03.03.24:759][554]LogShaderCompilers: Display: Shaders left to compile 30
[2019.09.05-03.03.24:784][554]LogMaterial: Display: Missing cached shader map for material Wall, compiling. 
[2019.09.05-03.03.24:903][554]LogMaterial: Display: Missing cached shader map for material Wall, compiling. 
[2019.09.05-03.03.24:973][554]LogMaterial: Display: Missing cached shader map for material Wall, compiling. 
[2019.09.05-03.03.25:025][554]LogUObjectHash: Compacting FUObjectHashTables data took   2.45ms
[2019.09.05-03.03.25:047][554]LogMaterial: Display: Missing cached shader map for material DebugViewMode MaterialTexCoordScale, compiling. 
[2019.09.05-03.03.28:370][554]LogShaderCompilers: Display: Shaders left to compile 60
[2019.09.05-03.03.28:370][554]LogShaderCompilers: Display: Shaders left to compile 60
[2019.09.05-03.03.28:370][554]LogShaderCompilers: Display: Shaders left to compile 50
[2019.09.05-03.03.28:370][554]LogShaderCompilers: Display: Shaders left to compile 40
[2019.09.05-03.03.28:373][554]TextureStreamingBuild: Display: Compiling optional shaders took 3.347 seconds.
[2019.09.05-03.03.28:431][554]LogUObjectHash: Compacting FUObjectHashTables data took   1.04ms
[2019.09.05-03.03.32:562][554]Cmd: OBJ SAVEPACKAGE PACKAGE="/Game/Geometry/Toilet_Wall/Base/Wall" FILE="../../../../../Github/InfectioAr/InfectioVR_UE4/Infectio_VR/Content/Geometry/Toilet_Wall/Base/Wall.uasset" SILENT=true
[2019.09.05-03.03.32:650][554]LogSavePackage: Moving '../../../../../Github/InfectioAr/InfectioVR_UE4/Infectio_VR/Saved/WallAE1E3AE843903E04BF0C9F9A91687D9A.tmp' to '../../../../../Github/InfectioAr/InfectioVR_UE4/Infectio_VR/Content/Geometry/Toilet_Wall/Base/Wall.uasset'
[2019.09.05-03.03.32:669][554]MaterialEditorStats: Base pass shader: 168 instructions
[2019.09.05-03.03.32:669][554]MaterialEditorStats: Base pass shader with Surface Lightmap: 196 instructions
[2019.09.05-03.03.32:669][554]MaterialEditorStats: Base pass shader with Volumetric Lightmap: 242 instructions
[2019.09.05-03.03.32:669][554]MaterialEditorStats: Base pass vertex shader: 102 instructions
[2019.09.05-03.03.32:669][554]MaterialEditorStats: Texture samplers: 5/16
[2019.09.05-03.03.32:669][554]MaterialEditorStats: Texture Lookups (Est.): VS(0), PS(3)
[2019.09.05-03.03.32:669][554]MaterialEditorStats: User interpolators: 2/4 Scalars (1/4 Vectors) (TexCoords: 2, Custom: 0)
[2019.09.05-03.03.44:702][567]LogSlate: FSceneViewport::OnFocusLost() reason 0
[2019.09.05-03.03.44:751][572]LogSlate: Window 'Wall' being destroyed
[2019.09.05-03.03.44:755][572]LogSlate: Window 'Wall' being destroyed
[2019.09.05-03.03.59:504][130]LogAssetEditorManager: Opening Asset editor for Material /Game/Geometry/Toilet_Wall/Base/Wall.Wall
[2019.09.05-03.03.59:508][130]LogMaterial: Display: Missing cached shader map for material PreviewMaterial_0, compiling. 
[2019.09.05-03.03.59:612][130]LogMaterial: Display: Missing cached shader map for material FMatExpressionPreview MaterialExpressionTextureSample_0, compiling. 
[2019.09.05-03.03.59:616][130]LogMaterial: Display: Missing cached shader map for material FMatExpressionPreview MaterialExpressionTextureSample_3, compiling. 
[2019.09.05-03.03.59:622][130]LogMaterial: Display: Missing cached shader map for material FMatExpressionPreview MaterialExpressionTextureSample_4, compiling. 
[2019.09.05-03.03.59:628][130]LogMaterial: Display: Missing cached shader map for material PreviewMaterial_0, compiling. 
[2019.09.05-03.03.59:648][130]LogMaterial: Display: Missing cached shader map for material PreviewMaterial_0, compiling. 
[2019.09.05-03.03.59:694][130]LogMaterial: Display: Missing cached shader map for material FMatExpressionPreview MaterialExpressionTextureSample_0, compiling. 
[2019.09.05-03.03.59:700][130]LogMaterial: Display: Missing cached shader map for material FMatExpressionPreview MaterialExpressionTextureSample_3, compiling. 
[2019.09.05-03.03.59:707][130]LogMaterial: Display: Missing cached shader map for material FMatExpressionPreview MaterialExpressionTextureSample_4, compiling. 
[2019.09.05-03.03.59:739][130]LogAssetEditorManager: Opening Asset editor for Material /Game/Geometry/Toilet_Wall/TopBar/WallAccent.WallAccent
[2019.09.05-03.03.59:743][130]LogMaterial: Display: Missing cached shader map for material WallAccent, compiling. 
[2019.09.05-03.03.59:862][130]LogMaterial: Display: Missing cached shader map for material FMatExpressionPreview MaterialExpressionVectorParameter_0, compiling. 
[2019.09.05-03.03.59:868][130]LogMaterial: Display: Missing cached shader map for material FMatExpressionPreview MaterialExpressionTextureSample_1, compiling. 
[2019.09.05-03.03.59:876][130]LogMaterial: Display: Missing cached shader map for material FMatExpressionPreview MaterialExpressionTextureSample_0, compiling. 
[2019.09.05-03.03.59:883][130]LogMaterial: Display: Missing cached shader map for material FMatExpressionPreview MaterialExpressionTextureSample_2, compiling. 
[2019.09.05-03.03.59:892][130]LogMaterial: Display: Missing cached shader map for material WallAccent, compiling. 
[2019.09.05-03.03.59:919][130]LogMaterial: Display: Missing cached shader map for material WallAccent, compiling. 
[2019.09.05-03.03.59:976][130]LogMaterial: Display: Missing cached shader map for material FMatExpressionPreview MaterialExpressionVectorParameter_0, compiling. 
[2019.09.05-03.03.59:983][130]LogMaterial: Display: Missing cached shader map for material FMatExpressionPreview MaterialExpressionTextureSample_1, compiling. 
[2019.09.05-03.03.59:989][130]LogMaterial: Display: Missing cached shader map for material FMatExpressionPreview MaterialExpressionTextureSample_0, compiling. 
[2019.09.05-03.03.59:996][130]LogMaterial: Display: Missing cached shader map for material FMatExpressionPreview MaterialExpressionTextureSample_2, compiling. 
[2019.09.05-03.04.00:771][154]LogShaderCompilers: Display: Shaders left to compile 70
[2019.09.05-03.04.01:866][198]LogShaderCompilers: Display: Shaders left to compile 60
[2019.09.05-03.04.03:480][266]LogShaderCompilers: Display: Shaders left to compile 50
[2019.09.05-03.04.04:666][314]LogMaterial: Display: Missing cached shader map for material WallAccent, compiling. 
[2019.09.05-03.04.04:698][314]LogMaterial: Display: Missing cached shader map for material FMatExpressionPreview MaterialExpressionVectorParameter_0, compiling. 
[2019.09.05-03.04.04:706][314]LogMaterial: Display: Missing cached shader map for material FMatExpressionPreview MaterialExpressionTextureSample_1, compiling. 
[2019.09.05-03.04.04:714][314]LogMaterial: Display: Missing cached shader map for material FMatExpressionPreview MaterialExpressionTextureSample_0, compiling. 
[2019.09.05-03.04.04:723][314]LogMaterial: Display: Missing cached shader map for material FMatExpressionPreview MaterialExpressionTextureSample_2, compiling. 
[2019.09.05-03.04.04:762][314]LogMaterial: Display: Missing cached shader map for material WallAccent, compiling. 
[2019.09.05-03.04.04:822][314]LogMaterial: Display: Missing cached shader map for material FMatExpressionPreview MaterialExpressionVectorParameter_0, compiling. 
[2019.09.05-03.04.04:831][314]LogMaterial: Display: Missing cached shader map for material FMatExpressionPreview MaterialExpressionTextureSample_1, compiling. 
[2019.09.05-03.04.04:839][314]LogMaterial: Display: Missing cached shader map for material FMatExpressionPreview MaterialExpressionTextureSample_0, compiling. 
[2019.09.05-03.04.04:936][316]MaterialEditorStats: Base pass shader: 168 instructions
[2019.09.05-03.04.04:936][316]MaterialEditorStats: Base pass shader with Surface Lightmap: 196 instructions
[2019.09.05-03.04.04:936][316]MaterialEditorStats: Base pass shader with Volumetric Lightmap: 242 instructions
[2019.09.05-03.04.04:936][316]MaterialEditorStats: Base pass vertex shader: 102 instructions
[2019.09.05-03.04.04:936][316]MaterialEditorStats: Texture samplers: 5/16
[2019.09.05-03.04.04:936][316]MaterialEditorStats: Texture Lookups (Est.): VS(0), PS(3)
[2019.09.05-03.04.04:936][316]MaterialEditorStats: User interpolators: 2/4 Scalars (1/4 Vectors) (TexCoords: 2, Custom: 0)
[2019.09.05-03.04.05:907][354]LogShaderCompilers: Display: Shaders left to compile 30
[2019.09.05-03.04.07:055][407]LogShaderCompilers: Display: Shaders left to compile 20
[2019.09.05-03.04.08:547][466]LogEditorViewport: Clicking on Actor (LMB): StaticMeshActor (ToiletWall_Base)
[2019.09.05-03.04.08:730][473]LogShaderCompilers: Display: Shaders left to compile 10
[2019.09.05-03.04.10:020][528]MaterialEditorStats: Base pass shader: 167 instructions
[2019.09.05-03.04.10:020][528]MaterialEditorStats: Base pass shader with Surface Lightmap: 195 instructions
[2019.09.05-03.04.10:020][528]MaterialEditorStats: Base pass shader with Volumetric Lightmap: 241 instructions
[2019.09.05-03.04.10:020][528]MaterialEditorStats: Base pass vertex shader: 102 instructions
[2019.09.05-03.04.10:020][528]MaterialEditorStats: Texture samplers: 4/16
[2019.09.05-03.04.10:020][528]MaterialEditorStats: Texture Lookups (Est.): VS(0), PS(2)
[2019.09.05-03.04.10:020][528]MaterialEditorStats: User interpolators: 2/4 Scalars (1/4 Vectors) (TexCoords: 2, Custom: 0)
[2019.09.05-03.04.12:197][680]LogSlate: FSceneViewport::OnFocusLost() reason 0
[2019.09.05-03.04.19:904][725]LogSlate: Window 'Message' being destroyed
[2019.09.05-03.04.20:255][725]LogMaterial: Display: Missing cached shader map for material WallAccent, compiling. 
[2019.09.05-03.04.20:319][725]LogShaderCompilers: Display: Shaders left to compile 30
[2019.09.05-03.04.20:335][725]LogMaterial: Display: Missing cached shader map for material WallAccent, compiling. 
[2019.09.05-03.04.20:378][725]LogMaterial: Display: Missing cached shader map for material WallAccent, compiling. 
[2019.09.05-03.04.20:424][725]LogUObjectHash: Compacting FUObjectHashTables data took   1.85ms
[2019.09.05-03.04.20:435][725]LogMaterial: Display: Missing cached shader map for material DebugViewMode MaterialTexCoordScale, compiling. 
[2019.09.05-03.04.23:449][725]LogShaderCompilers: Display: Shaders left to compile 50
[2019.09.05-03.04.23:449][725]LogShaderCompilers: Display: Shaders left to compile 40
[2019.09.05-03.04.23:454][725]TextureStreamingBuild: Display: Compiling optional shaders took 3.030 seconds.
[2019.09.05-03.04.23:479][725]LogUObjectHash: Compacting FUObjectHashTables data took   1.07ms
[2019.09.05-03.04.23:483][725]LogSlate: Window 'WallAccent' being destroyed
[2019.09.05-03.04.23:487][725]LogSlate: Window 'WallAccent' being destroyed
[2019.09.05-03.04.35:794][324]LogFactory: FactoryCreateFile: StaticMesh with FbxFactory (0 0 D:\3D Model\Infectio Search & Destroy VR\Level 1 - Omen's house\Toilet Wall\ToiletInterior/ToiletInterior_Wall.fbx)
[2019.09.05-03.04.35:926][324]LogFbx: Loading FBX Scene from D:\3D Model\Infectio Search & Destroy VR\Level 1 - Omen's house\Toilet Wall\ToiletInterior/ToiletInterior_Wall.fbx
[2019.09.05-03.05.04:076][324]LogFbx: FBX Scene Loaded Succesfully
[2019.09.05-03.05.04:154][324]FBXImport: Warning: FBX Scene Loading: Found material name clash, name clash can be wrongly reassign at reimport , material 'BedFrame' was rename 'BedFrame_ncl1_1' 
